<?xml version="1.0" encoding="UTF-8"?>
<coverage generated="1652084147653" clover="3.2.0">
  <project timestamp="1652084147653" name="All files">
    <metrics statements="155" coveredstatements="107" conditionals="77" coveredconditionals="40" methods="35" coveredmethods="18" elements="267" coveredelements="165" complexity="0" loc="155" ncloc="155" packages="11" files="16" classes="16"/>
    <package name="components.answerBox">
      <metrics statements="9" coveredstatements="4" conditionals="2" coveredconditionals="0" methods="2" coveredmethods="1"/>
      <file name="AnswerBox.tsx" path="/Users/juhoniinikoski/Documents/Ohjelmointi/fluidi/mobile-client/src/components/answerBox/AnswerBox.tsx">
        <metrics statements="9" coveredstatements="4" conditionals="2" coveredconditionals="0" methods="2" coveredmethods="1"/>
        <line num="6" count="3" type="stmt"/>
        <line num="22" count="3" type="stmt"/>
        <line num="23" count="4" type="stmt"/>
        <line num="24" count="0" type="stmt"/>
        <line num="25" count="0" type="cond" truecount="0" falsecount="2"/>
        <line num="26" count="0" type="stmt"/>
        <line num="28" count="0" type="stmt"/>
        <line num="30" count="0" type="stmt"/>
        <line num="33" count="4" type="stmt"/>
      </file>
    </package>
    <package name="components.channelBox">
      <metrics statements="6" coveredstatements="6" conditionals="0" coveredconditionals="0" methods="2" coveredmethods="2"/>
      <file name="ChannelBox.tsx" path="/Users/juhoniinikoski/Documents/Ohjelmointi/fluidi/mobile-client/src/components/channelBox/ChannelBox.tsx">
        <metrics statements="6" coveredstatements="6" conditionals="0" coveredconditionals="0" methods="2" coveredmethods="2"/>
        <line num="11" count="2" type="stmt"/>
        <line num="47" count="2" type="stmt"/>
        <line num="48" count="3" type="stmt"/>
        <line num="50" count="3" type="stmt"/>
        <line num="51" count="1" type="stmt"/>
        <line num="54" count="3" type="stmt"/>
      </file>
    </package>
    <package name="components.common">
      <metrics statements="30" coveredstatements="20" conditionals="13" coveredconditionals="6" methods="2" coveredmethods="2"/>
      <file name="BodyText.tsx" path="/Users/juhoniinikoski/Documents/Ohjelmointi/fluidi/mobile-client/src/components/common/BodyText.tsx">
        <metrics statements="14" coveredstatements="12" conditionals="6" coveredconditionals="4" methods="1" coveredmethods="1"/>
        <line num="5" count="6" type="stmt"/>
        <line num="41" count="6" type="stmt"/>
        <line num="47" count="14" type="cond" truecount="3" falsecount="1"/>
        <line num="49" count="0" type="stmt"/>
        <line num="50" count="0" type="stmt"/>
        <line num="52" count="6" type="stmt"/>
        <line num="53" count="6" type="stmt"/>
        <line num="55" count="4" type="stmt"/>
        <line num="56" count="4" type="stmt"/>
        <line num="58" count="4" type="stmt"/>
        <line num="59" count="4" type="stmt"/>
        <line num="62" count="14" type="cond" truecount="1" falsecount="1"/>
        <line num="66" count="14" type="stmt"/>
        <line num="69" count="6" type="stmt"/>
      </file>
      <file name="HeaderText.tsx" path="/Users/juhoniinikoski/Documents/Ohjelmointi/fluidi/mobile-client/src/components/common/HeaderText.tsx">
        <metrics statements="16" coveredstatements="8" conditionals="7" coveredconditionals="2" methods="1" coveredmethods="1"/>
        <line num="5" count="1" type="stmt"/>
        <line num="30" count="1" type="stmt"/>
        <line num="37" count="6" type="cond" truecount="1" falsecount="4"/>
        <line num="39" count="0" type="stmt"/>
        <line num="40" count="0" type="stmt"/>
        <line num="42" count="0" type="stmt"/>
        <line num="43" count="0" type="stmt"/>
        <line num="45" count="0" type="stmt"/>
        <line num="46" count="0" type="stmt"/>
        <line num="48" count="6" type="stmt"/>
        <line num="49" count="6" type="stmt"/>
        <line num="51" count="0" type="stmt"/>
        <line num="52" count="0" type="stmt"/>
        <line num="55" count="6" type="cond" truecount="1" falsecount="1"/>
        <line num="59" count="6" type="stmt"/>
        <line num="66" count="1" type="stmt"/>
      </file>
    </package>
    <package name="components.followBox">
      <metrics statements="14" coveredstatements="9" conditionals="4" coveredconditionals="2" methods="2" coveredmethods="1"/>
      <file name="FollowBox.tsx" path="/Users/juhoniinikoski/Documents/Ohjelmointi/fluidi/mobile-client/src/components/followBox/FollowBox.tsx">
        <metrics statements="14" coveredstatements="9" conditionals="4" coveredconditionals="2" methods="2" coveredmethods="1"/>
        <line num="10" count="3" type="stmt"/>
        <line num="27" count="3" type="stmt"/>
        <line num="28" count="6" type="stmt"/>
        <line num="32" count="6" type="stmt"/>
        <line num="33" count="6" type="stmt"/>
        <line num="37" count="6" type="stmt"/>
        <line num="38" count="0" type="cond" truecount="0" falsecount="2"/>
        <line num="39" count="0" type="stmt"/>
        <line num="41" count="0" type="stmt"/>
        <line num="43" count="0" type="stmt"/>
        <line num="44" count="0" type="stmt"/>
        <line num="47" count="6" type="cond" truecount="2" falsecount="0"/>
        <line num="48" count="5" type="stmt"/>
        <line num="64" count="1" type="stmt"/>
      </file>
    </package>
    <package name="components.layout">
      <metrics statements="3" coveredstatements="3" conditionals="0" coveredconditionals="0" methods="1" coveredmethods="1"/>
      <file name="Layout.tsx" path="/Users/juhoniinikoski/Documents/Ohjelmointi/fluidi/mobile-client/src/components/layout/Layout.tsx">
        <metrics statements="3" coveredstatements="3" conditionals="0" coveredconditionals="0" methods="1" coveredmethods="1"/>
        <line num="5" count="2" type="stmt"/>
        <line num="18" count="2" type="stmt"/>
        <line num="19" count="22" type="stmt"/>
      </file>
    </package>
    <package name="components.questionBox">
      <metrics statements="6" coveredstatements="5" conditionals="0" coveredconditionals="0" methods="3" coveredmethods="2"/>
      <file name="QuestionBox.tsx" path="/Users/juhoniinikoski/Documents/Ohjelmointi/fluidi/mobile-client/src/components/questionBox/QuestionBox.tsx">
        <metrics statements="6" coveredstatements="5" conditionals="0" coveredconditionals="0" methods="3" coveredmethods="2"/>
        <line num="8" count="2" type="stmt"/>
        <line num="20" count="2" type="stmt"/>
        <line num="21" count="1" type="stmt"/>
        <line num="22" count="0" type="stmt"/>
        <line num="25" count="1" type="stmt"/>
        <line num="29" count="3" type="stmt"/>
      </file>
    </package>
    <package name="graphql">
      <metrics statements="6" coveredstatements="6" conditionals="0" coveredconditionals="0" methods="0" coveredmethods="0"/>
      <file name="mutations.ts" path="/Users/juhoniinikoski/Documents/Ohjelmointi/fluidi/mobile-client/src/graphql/mutations.ts">
        <metrics statements="2" coveredstatements="2" conditionals="0" coveredconditionals="0" methods="0" coveredmethods="0"/>
        <line num="3" count="3" type="stmt"/>
        <line num="11" count="3" type="stmt"/>
      </file>
      <file name="queries.ts" path="/Users/juhoniinikoski/Documents/Ohjelmointi/fluidi/mobile-client/src/graphql/queries.ts">
        <metrics statements="4" coveredstatements="4" conditionals="0" coveredconditionals="0" methods="0" coveredmethods="0"/>
        <line num="3" count="4" type="stmt"/>
        <line num="25" count="4" type="stmt"/>
        <line num="52" count="4" type="stmt"/>
        <line num="94" count="4" type="stmt"/>
      </file>
    </package>
    <package name="hooks">
      <metrics statements="30" coveredstatements="18" conditionals="35" coveredconditionals="17" methods="6" coveredmethods="3"/>
      <file name="useChannelQuestions.ts" path="/Users/juhoniinikoski/Documents/Ohjelmointi/fluidi/mobile-client/src/hooks/useChannelQuestions.ts">
        <metrics statements="10" coveredstatements="6" conditionals="9" coveredconditionals="3" methods="2" coveredmethods="1"/>
        <line num="29" count="1" type="stmt"/>
        <line num="30" count="5" type="cond" truecount="2" falsecount="0"/>
        <line num="32" count="5" type="stmt"/>
        <line num="38" count="5" type="stmt"/>
        <line num="46" count="5" type="stmt"/>
        <line num="48" count="0" type="cond" truecount="0" falsecount="3"/>
        <line num="50" count="0" type="cond" truecount="0" falsecount="2"/>
        <line num="51" count="0" type="stmt"/>
        <line num="54" count="0" type="stmt"/>
        <line num="63" count="5" type="stmt"/>
      </file>
      <file name="useChannels.ts" path="/Users/juhoniinikoski/Documents/Ohjelmointi/fluidi/mobile-client/src/hooks/useChannels.ts">
        <metrics statements="10" coveredstatements="6" conditionals="13" coveredconditionals="7" methods="2" coveredmethods="1"/>
        <line num="29" count="1" type="stmt"/>
        <line num="30" count="17" type="cond" truecount="2" falsecount="0"/>
        <line num="32" count="17" type="stmt"/>
        <line num="39" count="17" type="stmt"/>
        <line num="47" count="17" type="stmt"/>
        <line num="48" count="0" type="cond" truecount="0" falsecount="3"/>
        <line num="50" count="0" type="cond" truecount="0" falsecount="2"/>
        <line num="51" count="0" type="stmt"/>
        <line num="54" count="0" type="stmt"/>
        <line num="63" count="17" type="stmt"/>
      </file>
      <file name="useUserChannels.ts" path="/Users/juhoniinikoski/Documents/Ohjelmointi/fluidi/mobile-client/src/hooks/useUserChannels.ts">
        <metrics statements="10" coveredstatements="6" conditionals="13" coveredconditionals="7" methods="2" coveredmethods="1"/>
        <line num="29" count="1" type="stmt"/>
        <line num="34" count="17" type="cond" truecount="2" falsecount="0"/>
        <line num="36" count="17" type="stmt"/>
        <line num="43" count="17" type="stmt"/>
        <line num="51" count="17" type="stmt"/>
        <line num="52" count="0" type="cond" truecount="0" falsecount="3"/>
        <line num="54" count="0" type="cond" truecount="0" falsecount="2"/>
        <line num="55" count="0" type="stmt"/>
        <line num="58" count="0" type="stmt"/>
        <line num="67" count="17" type="stmt"/>
      </file>
    </package>
    <package name="pages.channel">
      <metrics statements="11" coveredstatements="8" conditionals="4" coveredconditionals="3" methods="4" coveredmethods="1"/>
      <file name="Channel.tsx" path="/Users/juhoniinikoski/Documents/Ohjelmointi/fluidi/mobile-client/src/pages/channel/Channel.tsx">
        <metrics statements="11" coveredstatements="8" conditionals="4" coveredconditionals="3" methods="4" coveredmethods="1"/>
        <line num="11" count="1" type="stmt"/>
        <line num="24" count="1" type="stmt"/>
        <line num="25" count="5" type="stmt"/>
        <line num="28" count="5" type="cond" truecount="1" falsecount="1"/>
        <line num="30" count="5" type="stmt"/>
        <line num="32" count="0" type="stmt"/>
        <line num="43" count="5" type="cond" truecount="2" falsecount="0"/>
        <line num="44" count="3" type="stmt"/>
        <line num="51" count="2" type="stmt"/>
        <line num="56" count="0" type="stmt"/>
        <line num="58" count="0" type="stmt"/>
      </file>
    </package>
    <package name="pages.channels">
      <metrics statements="26" coveredstatements="22" conditionals="14" coveredconditionals="11" methods="10" coveredmethods="4"/>
      <file name="Channels.tsx" path="/Users/juhoniinikoski/Documents/Ohjelmointi/fluidi/mobile-client/src/pages/channels/Channels.tsx">
        <metrics statements="26" coveredstatements="22" conditionals="14" coveredconditionals="11" methods="10" coveredmethods="4"/>
        <line num="11" count="1" type="stmt"/>
        <line num="28" count="1" type="stmt"/>
        <line num="29" count="0" type="stmt"/>
        <line num="31" count="1" type="stmt"/>
        <line num="32" count="0" type="stmt"/>
        <line num="35" count="1" type="stmt"/>
        <line num="36" count="17" type="stmt"/>
        <line num="37" count="17" type="stmt"/>
        <line num="41" count="17" type="stmt"/>
        <line num="43" count="17" type="stmt"/>
        <line num="44" count="17" type="stmt"/>
        <line num="46" count="17" type="stmt"/>
        <line num="47" count="4" type="cond" truecount="1" falsecount="1"/>
        <line num="48" count="4" type="cond" truecount="1" falsecount="1"/>
        <line num="51" count="4" type="stmt"/>
        <line num="52" count="4" type="stmt"/>
        <line num="53" count="4" type="stmt"/>
        <line num="61" count="17" type="stmt"/>
        <line num="62" count="14" type="cond" truecount="4" falsecount="0"/>
        <line num="63" count="3" type="stmt"/>
        <line num="78" count="17" type="cond" truecount="2" falsecount="0"/>
        <line num="82" count="11" type="stmt"/>
        <line num="89" count="6" type="stmt"/>
        <line num="94" count="0" type="stmt"/>
        <line num="96" count="0" type="stmt"/>
        <line num="101" count="6" type="stmt"/>
      </file>
    </package>
    <package name="utils">
      <metrics statements="14" coveredstatements="6" conditionals="5" coveredconditionals="1" methods="3" coveredmethods="1"/>
      <file name="parseNodes.ts" path="/Users/juhoniinikoski/Documents/Ohjelmointi/fluidi/mobile-client/src/utils/parseNodes.ts">
        <metrics statements="2" coveredstatements="1" conditionals="0" coveredconditionals="0" methods="2" coveredmethods="0"/>
        <line num="7" count="2" type="stmt"/>
        <line num="8" count="0" type="stmt"/>
      </file>
      <file name="parseSortBy.ts" path="/Users/juhoniinikoski/Documents/Ohjelmointi/fluidi/mobile-client/src/utils/parseSortBy.ts">
        <metrics statements="12" coveredstatements="5" conditionals="5" coveredconditionals="1" methods="1" coveredmethods="1"/>
        <line num="1" count="2" type="stmt"/>
        <line num="3" count="39" type="cond" truecount="1" falsecount="4"/>
        <line num="5" count="39" type="stmt"/>
        <line num="8" count="39" type="stmt"/>
        <line num="10" count="0" type="stmt"/>
        <line num="13" count="0" type="stmt"/>
        <line num="15" count="0" type="stmt"/>
        <line num="18" count="0" type="stmt"/>
        <line num="20" count="0" type="stmt"/>
        <line num="23" count="0" type="stmt"/>
        <line num="25" count="0" type="stmt"/>
        <line num="28" count="39" type="stmt"/>
      </file>
    </package>
  </project>
</coverage>
