{"/Users/juhoniinikoski/Documents/Ohjelmointi/fluidi/mobile-client/src/components/answerBox/AnswerBox.tsx": {"path":"/Users/juhoniinikoski/Documents/Ohjelmointi/fluidi/mobile-client/src/components/answerBox/AnswerBox.tsx","statementMap":{"0":{"start":{"line":6,"column":15},"end":{"line":16,"column":2}},"1":{"start":{"line":22,"column":18},"end":{"line":38,"column":1}},"2":{"start":{"line":23,"column":22},"end":{"line":31,"column":3}},"3":{"start":{"line":24,"column":4},"end":{"line":24,"column":52}},"4":{"start":{"line":25,"column":4},"end":{"line":29,"column":5}},"5":{"start":{"line":26,"column":6},"end":{"line":26,"column":39}},"6":{"start":{"line":28,"column":6},"end":{"line":28,"column":39}},"7":{"start":{"line":30,"column":4},"end":{"line":30,"column":32}},"8":{"start":{"line":33,"column":2},"end":{"line":37,"column":4}}},"fnMap":{"0":{"name":"(anonymous_0)","decl":{"start":{"line":22,"column":18},"end":{"line":22,"column":19}},"loc":{"start":{"line":22,"column":41},"end":{"line":38,"column":1}},"line":22},"1":{"name":"(anonymous_1)","decl":{"start":{"line":23,"column":22},"end":{"line":23,"column":23}},"loc":{"start":{"line":23,"column":28},"end":{"line":31,"column":3}},"line":23}},"branchMap":{"0":{"loc":{"start":{"line":25,"column":4},"end":{"line":29,"column":5}},"type":"if","locations":[{"start":{"line":25,"column":4},"end":{"line":29,"column":5}},{"start":{"line":27,"column":11},"end":{"line":29,"column":5}}],"line":25}},"s":{"0":3,"1":3,"2":4,"3":0,"4":0,"5":0,"6":0,"7":0,"8":4},"f":{"0":4,"1":0},"b":{"0":[0,0]},"_coverageSchema":"1a1c01bbd47fc00a2c39e90264f33305004495a9","hash":"e12d2f5cc298d10cc123ba4efe51fcd26fcd2b04"}
,"/Users/juhoniinikoski/Documents/Ohjelmointi/fluidi/mobile-client/src/components/channelBox/ChannelBox.tsx": {"path":"/Users/juhoniinikoski/Documents/Ohjelmointi/fluidi/mobile-client/src/components/channelBox/ChannelBox.tsx","statementMap":{"0":{"start":{"line":11,"column":15},"end":{"line":38,"column":2}},"1":{"start":{"line":47,"column":19},"end":{"line":67,"column":1}},"2":{"start":{"line":48,"column":21},"end":{"line":48,"column":53}},"3":{"start":{"line":50,"column":22},"end":{"line":52,"column":3}},"4":{"start":{"line":51,"column":4},"end":{"line":51,"column":64}},"5":{"start":{"line":54,"column":2},"end":{"line":66,"column":4}}},"fnMap":{"0":{"name":"(anonymous_0)","decl":{"start":{"line":47,"column":19},"end":{"line":47,"column":20}},"loc":{"start":{"line":47,"column":59},"end":{"line":67,"column":1}},"line":47},"1":{"name":"(anonymous_1)","decl":{"start":{"line":50,"column":22},"end":{"line":50,"column":23}},"loc":{"start":{"line":50,"column":28},"end":{"line":52,"column":3}},"line":50}},"branchMap":{},"s":{"0":2,"1":2,"2":3,"3":3,"4":1,"5":3},"f":{"0":3,"1":1},"b":{},"_coverageSchema":"1a1c01bbd47fc00a2c39e90264f33305004495a9","hash":"745c641c5f2955caf441137005ee0de0d135f38e"}
,"/Users/juhoniinikoski/Documents/Ohjelmointi/fluidi/mobile-client/src/components/common/BodyText.tsx": {"path":"/Users/juhoniinikoski/Documents/Ohjelmointi/fluidi/mobile-client/src/components/common/BodyText.tsx","statementMap":{"0":{"start":{"line":5,"column":15},"end":{"line":34,"column":2}},"1":{"start":{"line":41,"column":51},"end":{"line":67,"column":1}},"2":{"start":{"line":47,"column":2},"end":{"line":60,"column":3}},"3":{"start":{"line":49,"column":6},"end":{"line":49,"column":30}},"4":{"start":{"line":50,"column":6},"end":{"line":50,"column":12}},"5":{"start":{"line":52,"column":6},"end":{"line":52,"column":37}},"6":{"start":{"line":53,"column":6},"end":{"line":53,"column":12}},"7":{"start":{"line":55,"column":6},"end":{"line":55,"column":33}},"8":{"start":{"line":56,"column":6},"end":{"line":56,"column":12}},"9":{"start":{"line":58,"column":6},"end":{"line":58,"column":32}},"10":{"start":{"line":59,"column":6},"end":{"line":59,"column":12}},"11":{"start":{"line":62,"column":23},"end":{"line":64,"column":11}},"12":{"start":{"line":66,"column":2},"end":{"line":66,"column":74}},"13":{"start":{"line":69,"column":0},"end":{"line":72,"column":2}}},"fnMap":{"0":{"name":"(anonymous_0)","decl":{"start":{"line":41,"column":51},"end":{"line":41,"column":52}},"loc":{"start":{"line":45,"column":6},"end":{"line":67,"column":1}},"line":45}},"branchMap":{"0":{"loc":{"start":{"line":47,"column":2},"end":{"line":60,"column":3}},"type":"switch","locations":[{"start":{"line":48,"column":4},"end":{"line":50,"column":12}},{"start":{"line":51,"column":4},"end":{"line":53,"column":12}},{"start":{"line":54,"column":4},"end":{"line":56,"column":12}},{"start":{"line":57,"column":4},"end":{"line":59,"column":12}}],"line":47},"1":{"loc":{"start":{"line":62,"column":23},"end":{"line":64,"column":11}},"type":"cond-expr","locations":[{"start":{"line":63,"column":6},"end":{"line":63,"column":33}},{"start":{"line":64,"column":6},"end":{"line":64,"column":11}}],"line":62}},"s":{"0":6,"1":6,"2":14,"3":0,"4":0,"5":6,"6":6,"7":4,"8":4,"9":4,"10":4,"11":14,"12":14,"13":6},"f":{"0":14},"b":{"0":[0,6,4,4],"1":[0,14]},"_coverageSchema":"1a1c01bbd47fc00a2c39e90264f33305004495a9","hash":"7033521acb35b90548ebbbbbc487c13835459cd5"}
,"/Users/juhoniinikoski/Documents/Ohjelmointi/fluidi/mobile-client/src/components/common/HeaderText.tsx": {"path":"/Users/juhoniinikoski/Documents/Ohjelmointi/fluidi/mobile-client/src/components/common/HeaderText.tsx","statementMap":{"0":{"start":{"line":5,"column":15},"end":{"line":22,"column":2}},"1":{"start":{"line":30,"column":55},"end":{"line":64,"column":1}},"2":{"start":{"line":37,"column":2},"end":{"line":53,"column":3}},"3":{"start":{"line":39,"column":6},"end":{"line":39,"column":31}},"4":{"start":{"line":40,"column":6},"end":{"line":40,"column":12}},"5":{"start":{"line":42,"column":6},"end":{"line":42,"column":33}},"6":{"start":{"line":43,"column":6},"end":{"line":43,"column":12}},"7":{"start":{"line":45,"column":6},"end":{"line":45,"column":31}},"8":{"start":{"line":46,"column":6},"end":{"line":46,"column":12}},"9":{"start":{"line":48,"column":6},"end":{"line":48,"column":34}},"10":{"start":{"line":49,"column":6},"end":{"line":49,"column":12}},"11":{"start":{"line":51,"column":6},"end":{"line":51,"column":33}},"12":{"start":{"line":52,"column":6},"end":{"line":52,"column":12}},"13":{"start":{"line":55,"column":23},"end":{"line":57,"column":11}},"14":{"start":{"line":59,"column":2},"end":{"line":63,"column":4}},"15":{"start":{"line":66,"column":0},"end":{"line":69,"column":2}}},"fnMap":{"0":{"name":"(anonymous_0)","decl":{"start":{"line":30,"column":55},"end":{"line":30,"column":56}},"loc":{"start":{"line":35,"column":6},"end":{"line":64,"column":1}},"line":35}},"branchMap":{"0":{"loc":{"start":{"line":37,"column":2},"end":{"line":53,"column":3}},"type":"switch","locations":[{"start":{"line":38,"column":4},"end":{"line":40,"column":12}},{"start":{"line":41,"column":4},"end":{"line":43,"column":12}},{"start":{"line":44,"column":4},"end":{"line":46,"column":12}},{"start":{"line":47,"column":4},"end":{"line":49,"column":12}},{"start":{"line":50,"column":4},"end":{"line":52,"column":12}}],"line":37},"1":{"loc":{"start":{"line":55,"column":23},"end":{"line":57,"column":11}},"type":"cond-expr","locations":[{"start":{"line":56,"column":6},"end":{"line":56,"column":33}},{"start":{"line":57,"column":6},"end":{"line":57,"column":11}}],"line":55}},"s":{"0":1,"1":1,"2":6,"3":0,"4":0,"5":0,"6":0,"7":0,"8":0,"9":6,"10":6,"11":0,"12":0,"13":6,"14":6,"15":1},"f":{"0":6},"b":{"0":[0,0,0,6,0],"1":[0,6]},"_coverageSchema":"1a1c01bbd47fc00a2c39e90264f33305004495a9","hash":"5f3104a45a13be7a594205c6a174c8a60950a38b"}
,"/Users/juhoniinikoski/Documents/Ohjelmointi/fluidi/mobile-client/src/components/followBox/FollowBox.tsx": {"path":"/Users/juhoniinikoski/Documents/Ohjelmointi/fluidi/mobile-client/src/components/followBox/FollowBox.tsx","statementMap":{"0":{"start":{"line":10,"column":15},"end":{"line":20,"column":2}},"1":{"start":{"line":27,"column":18},"end":{"line":78,"column":1}},"2":{"start":{"line":28,"column":26},"end":{"line":30,"column":4}},"3":{"start":{"line":32,"column":34},"end":{"line":32,"column":73}},"4":{"start":{"line":33,"column":44},"end":{"line":35,"column":3}},"5":{"start":{"line":37,"column":22},"end":{"line":45,"column":3}},"6":{"start":{"line":38,"column":4},"end":{"line":42,"column":5}},"7":{"start":{"line":39,"column":6},"end":{"line":39,"column":42}},"8":{"start":{"line":41,"column":6},"end":{"line":41,"column":42}},"9":{"start":{"line":43,"column":4},"end":{"line":43,"column":60}},"10":{"start":{"line":44,"column":4},"end":{"line":44,"column":27}},"11":{"start":{"line":47,"column":2},"end":{"line":62,"column":3}},"12":{"start":{"line":48,"column":4},"end":{"line":61,"column":6}},"13":{"start":{"line":64,"column":2},"end":{"line":77,"column":4}}},"fnMap":{"0":{"name":"(anonymous_0)","decl":{"start":{"line":27,"column":18},"end":{"line":27,"column":19}},"loc":{"start":{"line":27,"column":58},"end":{"line":78,"column":1}},"line":27},"1":{"name":"(anonymous_1)","decl":{"start":{"line":37,"column":22},"end":{"line":37,"column":23}},"loc":{"start":{"line":37,"column":28},"end":{"line":45,"column":3}},"line":37}},"branchMap":{"0":{"loc":{"start":{"line":38,"column":4},"end":{"line":42,"column":5}},"type":"if","locations":[{"start":{"line":38,"column":4},"end":{"line":42,"column":5}},{"start":{"line":40,"column":11},"end":{"line":42,"column":5}}],"line":38},"1":{"loc":{"start":{"line":47,"column":2},"end":{"line":62,"column":3}},"type":"if","locations":[{"start":{"line":47,"column":2},"end":{"line":62,"column":3}},{"start":{},"end":{}}],"line":47}},"s":{"0":3,"1":3,"2":6,"3":6,"4":6,"5":6,"6":0,"7":0,"8":0,"9":0,"10":0,"11":6,"12":5,"13":1},"f":{"0":6,"1":0},"b":{"0":[0,0],"1":[5,1]},"_coverageSchema":"1a1c01bbd47fc00a2c39e90264f33305004495a9","hash":"2a3044442047e9f71af154c33b6e2c15b796ff11"}
,"/Users/juhoniinikoski/Documents/Ohjelmointi/fluidi/mobile-client/src/components/layout/Layout.tsx": {"path":"/Users/juhoniinikoski/Documents/Ohjelmointi/fluidi/mobile-client/src/components/layout/Layout.tsx","statementMap":{"0":{"start":{"line":5,"column":15},"end":{"line":11,"column":2}},"1":{"start":{"line":18,"column":15},"end":{"line":24,"column":1}},"2":{"start":{"line":19,"column":2},"end":{"line":23,"column":4}}},"fnMap":{"0":{"name":"(anonymous_0)","decl":{"start":{"line":18,"column":15},"end":{"line":18,"column":16}},"loc":{"start":{"line":18,"column":60},"end":{"line":24,"column":1}},"line":18}},"branchMap":{},"s":{"0":2,"1":2,"2":22},"f":{"0":22},"b":{},"_coverageSchema":"1a1c01bbd47fc00a2c39e90264f33305004495a9","hash":"1c673a2737fba2234e792fae260077096c3cb65c"}
,"/Users/juhoniinikoski/Documents/Ohjelmointi/fluidi/mobile-client/src/components/questionBox/QuestionBox.tsx": {"path":"/Users/juhoniinikoski/Documents/Ohjelmointi/fluidi/mobile-client/src/components/questionBox/QuestionBox.tsx","statementMap":{"0":{"start":{"line":8,"column":15},"end":{"line":14,"column":2}},"1":{"start":{"line":20,"column":20},"end":{"line":41,"column":1}},"2":{"start":{"line":21,"column":26},"end":{"line":23,"column":3}},"3":{"start":{"line":22,"column":4},"end":{"line":22,"column":44}},"4":{"start":{"line":25,"column":2},"end":{"line":40,"column":4}},"5":{"start":{"line":29,"column":8},"end":{"line":29,"column":43}}},"fnMap":{"0":{"name":"(anonymous_0)","decl":{"start":{"line":20,"column":20},"end":{"line":20,"column":21}},"loc":{"start":{"line":20,"column":45},"end":{"line":41,"column":1}},"line":20},"1":{"name":"(anonymous_1)","decl":{"start":{"line":21,"column":26},"end":{"line":21,"column":27}},"loc":{"start":{"line":21,"column":32},"end":{"line":23,"column":3}},"line":21},"2":{"name":"(anonymous_2)","decl":{"start":{"line":28,"column":28},"end":{"line":28,"column":29}},"loc":{"start":{"line":29,"column":8},"end":{"line":29,"column":43}},"line":29}},"branchMap":{},"s":{"0":2,"1":2,"2":1,"3":0,"4":1,"5":3},"f":{"0":1,"1":0,"2":3},"b":{},"_coverageSchema":"1a1c01bbd47fc00a2c39e90264f33305004495a9","hash":"3700a79949a5bb5f96fe7cfa39e085b41b31f357"}
,"/Users/juhoniinikoski/Documents/Ohjelmointi/fluidi/mobile-client/src/graphql/mutations.ts": {"path":"/Users/juhoniinikoski/Documents/Ohjelmointi/fluidi/mobile-client/src/graphql/mutations.ts","statementMap":{"0":{"start":{"line":3,"column":25},"end":{"line":9,"column":1}},"1":{"start":{"line":11,"column":30},"end":{"line":15,"column":1}}},"fnMap":{},"branchMap":{},"s":{"0":3,"1":3},"f":{},"b":{},"_coverageSchema":"1a1c01bbd47fc00a2c39e90264f33305004495a9","hash":"618599d67a8f2fec86317cc7b476833673ffe35d"}
,"/Users/juhoniinikoski/Documents/Ohjelmointi/fluidi/mobile-client/src/graphql/queries.ts": {"path":"/Users/juhoniinikoski/Documents/Ohjelmointi/fluidi/mobile-client/src/graphql/queries.ts","statementMap":{"0":{"start":{"line":3,"column":28},"end":{"line":23,"column":1}},"1":{"start":{"line":25,"column":34},"end":{"line":50,"column":1}},"2":{"start":{"line":52,"column":29},"end":{"line":92,"column":1}},"3":{"start":{"line":94,"column":35},"end":{"line":101,"column":1}}},"fnMap":{},"branchMap":{},"s":{"0":4,"1":4,"2":4,"3":4},"f":{},"b":{},"_coverageSchema":"1a1c01bbd47fc00a2c39e90264f33305004495a9","hash":"33fba44184208f420c90b1d2168af2e135e249e9"}
,"/Users/juhoniinikoski/Documents/Ohjelmointi/fluidi/mobile-client/src/hooks/useChannelQuestions.ts": {"path":"/Users/juhoniinikoski/Documents/Ohjelmointi/fluidi/mobile-client/src/hooks/useChannelQuestions.ts","statementMap":{"0":{"start":{"line":29,"column":21},"end":{"line":69,"column":1}},"1":{"start":{"line":30,"column":24},"end":{"line":30,"column":52}},"2":{"start":{"line":32,"column":41},"end":{"line":36,"column":3}},"3":{"start":{"line":38,"column":50},"end":{"line":44,"column":4}},"4":{"start":{"line":46,"column":26},"end":{"line":61,"column":3}},"5":{"start":{"line":48,"column":6},"end":{"line":48,"column":61}},"6":{"start":{"line":50,"column":4},"end":{"line":52,"column":5}},"7":{"start":{"line":51,"column":6},"end":{"line":51,"column":13}},"8":{"start":{"line":54,"column":4},"end":{"line":60,"column":7}},"9":{"start":{"line":63,"column":2},"end":{"line":68,"column":4}}},"fnMap":{"0":{"name":"(anonymous_0)","decl":{"start":{"line":29,"column":21},"end":{"line":29,"column":22}},"loc":{"start":{"line":29,"column":61},"end":{"line":69,"column":1}},"line":29},"1":{"name":"(anonymous_1)","decl":{"start":{"line":46,"column":26},"end":{"line":46,"column":27}},"loc":{"start":{"line":46,"column":32},"end":{"line":61,"column":3}},"line":46}},"branchMap":{"0":{"loc":{"start":{"line":30,"column":36},"end":{"line":30,"column":51}},"type":"binary-expr","locations":[{"start":{"line":30,"column":36},"end":{"line":30,"column":42}},{"start":{"line":30,"column":46},"end":{"line":30,"column":51}}],"line":30},"1":{"loc":{"start":{"line":48,"column":6},"end":{"line":48,"column":61}},"type":"binary-expr","locations":[{"start":{"line":48,"column":6},"end":{"line":48,"column":14}},{"start":{"line":48,"column":18},"end":{"line":48,"column":22}},{"start":{"line":48,"column":26},"end":{"line":48,"column":61}}],"line":48},"2":{"loc":{"start":{"line":50,"column":4},"end":{"line":52,"column":5}},"type":"if","locations":[{"start":{"line":50,"column":4},"end":{"line":52,"column":5}},{"start":{},"end":{}}],"line":50},"3":{"loc":{"start":{"line":64,"column":15},"end":{"line":64,"column":54}},"type":"cond-expr","locations":[{"start":{"line":64,"column":22},"end":{"line":64,"column":42}},{"start":{"line":64,"column":45},"end":{"line":64,"column":54}}],"line":64}},"s":{"0":1,"1":5,"2":5,"3":5,"4":5,"5":0,"6":0,"7":0,"8":0,"9":5},"f":{"0":5,"1":0},"b":{"0":[5,5],"1":[0,0,0],"2":[0,0],"3":[0,5]},"_coverageSchema":"1a1c01bbd47fc00a2c39e90264f33305004495a9","hash":"8193d3be1cefea9ac789723c9d46acd95c4f62c8"}
,"/Users/juhoniinikoski/Documents/Ohjelmointi/fluidi/mobile-client/src/hooks/useChannels.ts": {"path":"/Users/juhoniinikoski/Documents/Ohjelmointi/fluidi/mobile-client/src/hooks/useChannels.ts","statementMap":{"0":{"start":{"line":29,"column":20},"end":{"line":69,"column":1}},"1":{"start":{"line":30,"column":24},"end":{"line":30,"column":52}},"2":{"start":{"line":32,"column":41},"end":{"line":37,"column":3}},"3":{"start":{"line":39,"column":50},"end":{"line":45,"column":4}},"4":{"start":{"line":47,"column":26},"end":{"line":61,"column":3}},"5":{"start":{"line":48,"column":25},"end":{"line":48,"column":79}},"6":{"start":{"line":50,"column":4},"end":{"line":52,"column":5}},"7":{"start":{"line":51,"column":6},"end":{"line":51,"column":13}},"8":{"start":{"line":54,"column":4},"end":{"line":60,"column":7}},"9":{"start":{"line":63,"column":2},"end":{"line":68,"column":4}}},"fnMap":{"0":{"name":"(anonymous_0)","decl":{"start":{"line":29,"column":20},"end":{"line":29,"column":21}},"loc":{"start":{"line":29,"column":78},"end":{"line":69,"column":1}},"line":29},"1":{"name":"(anonymous_1)","decl":{"start":{"line":47,"column":26},"end":{"line":47,"column":27}},"loc":{"start":{"line":47,"column":32},"end":{"line":61,"column":3}},"line":47}},"branchMap":{"0":{"loc":{"start":{"line":30,"column":36},"end":{"line":30,"column":51}},"type":"binary-expr","locations":[{"start":{"line":30,"column":36},"end":{"line":30,"column":42}},{"start":{"line":30,"column":46},"end":{"line":30,"column":51}}],"line":30},"1":{"loc":{"start":{"line":34,"column":19},"end":{"line":34,"column":35}},"type":"binary-expr","locations":[{"start":{"line":34,"column":19},"end":{"line":34,"column":29}},{"start":{"line":34,"column":33},"end":{"line":34,"column":35}}],"line":34},"2":{"loc":{"start":{"line":36,"column":11},"end":{"line":36,"column":22}},"type":"binary-expr","locations":[{"start":{"line":36,"column":11},"end":{"line":36,"column":16}},{"start":{"line":36,"column":20},"end":{"line":36,"column":22}}],"line":36},"3":{"loc":{"start":{"line":48,"column":25},"end":{"line":48,"column":79}},"type":"binary-expr","locations":[{"start":{"line":48,"column":25},"end":{"line":48,"column":33}},{"start":{"line":48,"column":37},"end":{"line":48,"column":41}},{"start":{"line":48,"column":45},"end":{"line":48,"column":79}}],"line":48},"4":{"loc":{"start":{"line":50,"column":4},"end":{"line":52,"column":5}},"type":"if","locations":[{"start":{"line":50,"column":4},"end":{"line":52,"column":5}},{"start":{},"end":{}}],"line":50},"5":{"loc":{"start":{"line":64,"column":14},"end":{"line":64,"column":52}},"type":"cond-expr","locations":[{"start":{"line":64,"column":21},"end":{"line":64,"column":40}},{"start":{"line":64,"column":43},"end":{"line":64,"column":52}}],"line":64}},"s":{"0":1,"1":17,"2":17,"3":17,"4":17,"5":0,"6":0,"7":0,"8":0,"9":17},"f":{"0":17,"1":0},"b":{"0":[17,17],"1":[17,17],"2":[17,17],"3":[0,0,0],"4":[0,0],"5":[0,17]},"_coverageSchema":"1a1c01bbd47fc00a2c39e90264f33305004495a9","hash":"6f8f63a6f437f829b912e226c239b207ca04e24e"}
,"/Users/juhoniinikoski/Documents/Ohjelmointi/fluidi/mobile-client/src/hooks/useUserChannels.ts": {"path":"/Users/juhoniinikoski/Documents/Ohjelmointi/fluidi/mobile-client/src/hooks/useUserChannels.ts","statementMap":{"0":{"start":{"line":29,"column":24},"end":{"line":73,"column":1}},"1":{"start":{"line":34,"column":24},"end":{"line":34,"column":52}},"2":{"start":{"line":36,"column":41},"end":{"line":41,"column":3}},"3":{"start":{"line":43,"column":50},"end":{"line":49,"column":4}},"4":{"start":{"line":51,"column":26},"end":{"line":65,"column":3}},"5":{"start":{"line":52,"column":25},"end":{"line":52,"column":79}},"6":{"start":{"line":54,"column":4},"end":{"line":56,"column":5}},"7":{"start":{"line":55,"column":6},"end":{"line":55,"column":13}},"8":{"start":{"line":58,"column":4},"end":{"line":64,"column":7}},"9":{"start":{"line":67,"column":2},"end":{"line":72,"column":4}}},"fnMap":{"0":{"name":"(anonymous_0)","decl":{"start":{"line":29,"column":24},"end":{"line":29,"column":25}},"loc":{"start":{"line":33,"column":5},"end":{"line":73,"column":1}},"line":33},"1":{"name":"(anonymous_1)","decl":{"start":{"line":51,"column":26},"end":{"line":51,"column":27}},"loc":{"start":{"line":51,"column":32},"end":{"line":65,"column":3}},"line":51}},"branchMap":{"0":{"loc":{"start":{"line":34,"column":36},"end":{"line":34,"column":51}},"type":"binary-expr","locations":[{"start":{"line":34,"column":36},"end":{"line":34,"column":42}},{"start":{"line":34,"column":46},"end":{"line":34,"column":51}}],"line":34},"1":{"loc":{"start":{"line":38,"column":19},"end":{"line":38,"column":35}},"type":"binary-expr","locations":[{"start":{"line":38,"column":19},"end":{"line":38,"column":29}},{"start":{"line":38,"column":33},"end":{"line":38,"column":35}}],"line":38},"2":{"loc":{"start":{"line":40,"column":11},"end":{"line":40,"column":22}},"type":"binary-expr","locations":[{"start":{"line":40,"column":11},"end":{"line":40,"column":16}},{"start":{"line":40,"column":20},"end":{"line":40,"column":22}}],"line":40},"3":{"loc":{"start":{"line":52,"column":25},"end":{"line":52,"column":79}},"type":"binary-expr","locations":[{"start":{"line":52,"column":25},"end":{"line":52,"column":33}},{"start":{"line":52,"column":37},"end":{"line":52,"column":41}},{"start":{"line":52,"column":45},"end":{"line":52,"column":79}}],"line":52},"4":{"loc":{"start":{"line":54,"column":4},"end":{"line":56,"column":5}},"type":"if","locations":[{"start":{"line":54,"column":4},"end":{"line":56,"column":5}},{"start":{},"end":{}}],"line":54},"5":{"loc":{"start":{"line":68,"column":14},"end":{"line":68,"column":52}},"type":"cond-expr","locations":[{"start":{"line":68,"column":21},"end":{"line":68,"column":40}},{"start":{"line":68,"column":43},"end":{"line":68,"column":52}}],"line":68}},"s":{"0":1,"1":17,"2":17,"3":17,"4":17,"5":0,"6":0,"7":0,"8":0,"9":17},"f":{"0":17,"1":0},"b":{"0":[17,17],"1":[17,17],"2":[17,17],"3":[0,0,0],"4":[0,0],"5":[0,17]},"_coverageSchema":"1a1c01bbd47fc00a2c39e90264f33305004495a9","hash":"8f90243556b2b098d66cd6e5a891165f2d95befd"}
,"/Users/juhoniinikoski/Documents/Ohjelmointi/fluidi/mobile-client/src/pages/channel/Channel.tsx": {"path":"/Users/juhoniinikoski/Documents/Ohjelmointi/fluidi/mobile-client/src/pages/channel/Channel.tsx","statementMap":{"0":{"start":{"line":11,"column":15},"end":{"line":20,"column":2}},"1":{"start":{"line":24,"column":20},"end":{"line":64,"column":1}},"2":{"start":{"line":25,"column":38},"end":{"line":27,"column":3}},"3":{"start":{"line":28,"column":20},"end":{"line":28,"column":56}},"4":{"start":{"line":30,"column":24},"end":{"line":41,"column":3}},"5":{"start":{"line":32,"column":6},"end":{"line":38,"column":8}},"6":{"start":{"line":43,"column":2},"end":{"line":49,"column":3}},"7":{"start":{"line":44,"column":4},"end":{"line":48,"column":6}},"8":{"start":{"line":51,"column":2},"end":{"line":63,"column":4}},"9":{"start":{"line":56,"column":30},"end":{"line":56,"column":37}},"10":{"start":{"line":58,"column":34},"end":{"line":58,"column":65}}},"fnMap":{"0":{"name":"(anonymous_0)","decl":{"start":{"line":24,"column":20},"end":{"line":24,"column":21}},"loc":{"start":{"line":24,"column":42},"end":{"line":64,"column":1}},"line":24},"1":{"name":"(anonymous_1)","decl":{"start":{"line":31,"column":4},"end":{"line":31,"column":5}},"loc":{"start":{"line":32,"column":6},"end":{"line":38,"column":8}},"line":32},"2":{"name":"(anonymous_2)","decl":{"start":{"line":56,"column":22},"end":{"line":56,"column":23}},"loc":{"start":{"line":56,"column":30},"end":{"line":56,"column":37}},"line":56},"3":{"name":"(anonymous_3)","decl":{"start":{"line":58,"column":20},"end":{"line":58,"column":21}},"loc":{"start":{"line":58,"column":34},"end":{"line":58,"column":65}},"line":58}},"branchMap":{"0":{"loc":{"start":{"line":28,"column":20},"end":{"line":28,"column":56}},"type":"cond-expr","locations":[{"start":{"line":28,"column":26},"end":{"line":28,"column":51}},{"start":{"line":28,"column":54},"end":{"line":28,"column":56}}],"line":28},"1":{"loc":{"start":{"line":43,"column":2},"end":{"line":49,"column":3}},"type":"if","locations":[{"start":{"line":43,"column":2},"end":{"line":49,"column":3}},{"start":{},"end":{}}],"line":43}},"s":{"0":1,"1":1,"2":5,"3":5,"4":5,"5":0,"6":5,"7":3,"8":2,"9":0,"10":0},"f":{"0":5,"1":0,"2":0,"3":0},"b":{"0":[0,5],"1":[3,2]},"_coverageSchema":"1a1c01bbd47fc00a2c39e90264f33305004495a9","hash":"1036de6522157935c60594ba94bfd5b56450e721"}
,"/Users/juhoniinikoski/Documents/Ohjelmointi/fluidi/mobile-client/src/pages/channels/Channels.tsx": {"path":"/Users/juhoniinikoski/Documents/Ohjelmointi/fluidi/mobile-client/src/pages/channels/Channels.tsx","statementMap":{"0":{"start":{"line":11,"column":15},"end":{"line":20,"column":2}},"1":{"start":{"line":28,"column":27},"end":{"line":30,"column":1}},"2":{"start":{"line":29,"column":2},"end":{"line":29,"column":46}},"3":{"start":{"line":31,"column":24},"end":{"line":33,"column":1}},"4":{"start":{"line":32,"column":2},"end":{"line":32,"column":54}},"5":{"start":{"line":35,"column":21},"end":{"line":114,"column":1}},"6":{"start":{"line":36,"column":50},"end":{"line":36,"column":79}},"7":{"start":{"line":37,"column":56},"end":{"line":39,"column":7}},"8":{"start":{"line":41,"column":26},"end":{"line":41,"column":52}},"9":{"start":{"line":43,"column":45},"end":{"line":43,"column":62}},"10":{"start":{"line":44,"column":60},"end":{"line":44,"column":73}},"11":{"start":{"line":46,"column":2},"end":{"line":59,"column":5}},"12":{"start":{"line":47,"column":21},"end":{"line":47,"column":72}},"13":{"start":{"line":48,"column":24},"end":{"line":50,"column":10}},"14":{"start":{"line":51,"column":21},"end":{"line":51,"column":44}},"15":{"start":{"line":51,"column":39},"end":{"line":51,"column":43}},"16":{"start":{"line":52,"column":4},"end":{"line":52,"column":34}},"17":{"start":{"line":53,"column":4},"end":{"line":53,"column":78}},"18":{"start":{"line":53,"column":51},"end":{"line":53,"column":75}},"19":{"start":{"line":61,"column":2},"end":{"line":76,"column":67}},"20":{"start":{"line":62,"column":4},"end":{"line":75,"column":5}},"21":{"start":{"line":63,"column":6},"end":{"line":74,"column":9}},"22":{"start":{"line":78,"column":2},"end":{"line":87,"column":3}},"23":{"start":{"line":82,"column":4},"end":{"line":86,"column":6}},"24":{"start":{"line":89,"column":2},"end":{"line":113,"column":4}},"25":{"start":{"line":94,"column":48},"end":{"line":94,"column":72}},"26":{"start":{"line":96,"column":10},"end":{"line":96,"column":56}},"27":{"start":{"line":101,"column":10},"end":{"line":107,"column":23}}},"fnMap":{"0":{"name":"(anonymous_0)","decl":{"start":{"line":28,"column":27},"end":{"line":28,"column":28}},"loc":{"start":{"line":29,"column":2},"end":{"line":29,"column":46}},"line":29},"1":{"name":"(anonymous_1)","decl":{"start":{"line":31,"column":24},"end":{"line":31,"column":25}},"loc":{"start":{"line":32,"column":2},"end":{"line":32,"column":54}},"line":32},"2":{"name":"(anonymous_2)","decl":{"start":{"line":35,"column":21},"end":{"line":35,"column":22}},"loc":{"start":{"line":35,"column":27},"end":{"line":114,"column":1}},"line":35},"3":{"name":"(anonymous_3)","decl":{"start":{"line":46,"column":18},"end":{"line":46,"column":19}},"loc":{"start":{"line":46,"column":24},"end":{"line":54,"column":3}},"line":46},"4":{"name":"(anonymous_4)","decl":{"start":{"line":51,"column":34},"end":{"line":51,"column":35}},"loc":{"start":{"line":51,"column":39},"end":{"line":51,"column":43}},"line":51},"5":{"name":"(anonymous_5)","decl":{"start":{"line":53,"column":46},"end":{"line":53,"column":47}},"loc":{"start":{"line":53,"column":51},"end":{"line":53,"column":75}},"line":53},"6":{"name":"(anonymous_6)","decl":{"start":{"line":61,"column":18},"end":{"line":61,"column":19}},"loc":{"start":{"line":61,"column":24},"end":{"line":76,"column":3}},"line":61},"7":{"name":"(anonymous_7)","decl":{"start":{"line":94,"column":22},"end":{"line":94,"column":23}},"loc":{"start":{"line":94,"column":48},"end":{"line":94,"column":72}},"line":94},"8":{"name":"(anonymous_8)","decl":{"start":{"line":95,"column":20},"end":{"line":95,"column":21}},"loc":{"start":{"line":96,"column":10},"end":{"line":96,"column":56}},"line":96},"9":{"name":"(anonymous_9)","decl":{"start":{"line":100,"column":29},"end":{"line":100,"column":30}},"loc":{"start":{"line":101,"column":10},"end":{"line":107,"column":23}},"line":101}},"branchMap":{"0":{"loc":{"start":{"line":47,"column":21},"end":{"line":47,"column":72}},"type":"cond-expr","locations":[{"start":{"line":47,"column":35},"end":{"line":47,"column":67}},{"start":{"line":47,"column":70},"end":{"line":47,"column":72}}],"line":47},"1":{"loc":{"start":{"line":48,"column":24},"end":{"line":50,"column":10}},"type":"cond-expr","locations":[{"start":{"line":49,"column":8},"end":{"line":49,"column":43}},{"start":{"line":50,"column":8},"end":{"line":50,"column":10}}],"line":48},"2":{"loc":{"start":{"line":62,"column":4},"end":{"line":75,"column":5}},"type":"if","locations":[{"start":{"line":62,"column":4},"end":{"line":75,"column":5}},{"start":{},"end":{}}],"line":62},"3":{"loc":{"start":{"line":62,"column":10},"end":{"line":62,"column":31}},"type":"binary-expr","locations":[{"start":{"line":62,"column":10},"end":{"line":62,"column":17}},{"start":{"line":62,"column":21},"end":{"line":62,"column":31}}],"line":62},"4":{"loc":{"start":{"line":78,"column":2},"end":{"line":87,"column":3}},"type":"if","locations":[{"start":{"line":78,"column":2},"end":{"line":87,"column":3}},{"start":{},"end":{}}],"line":78},"5":{"loc":{"start":{"line":79,"column":4},"end":{"line":80,"column":61}},"type":"binary-expr","locations":[{"start":{"line":79,"column":5},"end":{"line":79,"column":12}},{"start":{"line":79,"column":16},"end":{"line":79,"column":26}},{"start":{"line":80,"column":5},"end":{"line":80,"column":29}},{"start":{"line":80,"column":33},"end":{"line":80,"column":60}}],"line":79}},"s":{"0":1,"1":1,"2":0,"3":1,"4":0,"5":1,"6":17,"7":17,"8":17,"9":17,"10":17,"11":17,"12":4,"13":4,"14":4,"15":0,"16":4,"17":4,"18":0,"19":17,"20":14,"21":3,"22":17,"23":11,"24":6,"25":0,"26":0,"27":6},"f":{"0":0,"1":0,"2":17,"3":4,"4":0,"5":0,"6":14,"7":0,"8":0,"9":6},"b":{"0":[0,4],"1":[0,4],"2":[3,11],"3":[14,6],"4":[11,6],"5":[17,9,11,0]},"_coverageSchema":"1a1c01bbd47fc00a2c39e90264f33305004495a9","hash":"5d88d952aebf0e4bb211fb69665c0fa5e8b722e5"}
,"/Users/juhoniinikoski/Documents/Ohjelmointi/fluidi/mobile-client/src/utils/parseNodes.ts": {"path":"/Users/juhoniinikoski/Documents/Ohjelmointi/fluidi/mobile-client/src/utils/parseNodes.ts","statementMap":{"0":{"start":{"line":7,"column":19},"end":{"line":9,"column":1}},"1":{"start":{"line":8,"column":2},"end":{"line":8,"column":32}},"2":{"start":{"line":8,"column":24},"end":{"line":8,"column":30}}},"fnMap":{"0":{"name":"(anonymous_0)","decl":{"start":{"line":7,"column":19},"end":{"line":7,"column":20}},"loc":{"start":{"line":7,"column":49},"end":{"line":9,"column":1}},"line":7},"1":{"name":"(anonymous_1)","decl":{"start":{"line":8,"column":19},"end":{"line":8,"column":20}},"loc":{"start":{"line":8,"column":24},"end":{"line":8,"column":30}},"line":8}},"branchMap":{},"s":{"0":2,"1":0,"2":0},"f":{"0":0,"1":0},"b":{},"_coverageSchema":"1a1c01bbd47fc00a2c39e90264f33305004495a9","hash":"ce2adfff02d1dad5fa2b1aad51f50f949a2c3749"}
,"/Users/juhoniinikoski/Documents/Ohjelmointi/fluidi/mobile-client/src/utils/parseSortBy.ts": {"path":"/Users/juhoniinikoski/Documents/Ohjelmointi/fluidi/mobile-client/src/utils/parseSortBy.ts","statementMap":{"0":{"start":{"line":1,"column":20},"end":{"line":29,"column":1}},"1":{"start":{"line":3,"column":2},"end":{"line":26,"column":3}},"2":{"start":{"line":5,"column":6},"end":{"line":7,"column":8}},"3":{"start":{"line":8,"column":6},"end":{"line":8,"column":12}},"4":{"start":{"line":10,"column":6},"end":{"line":12,"column":8}},"5":{"start":{"line":13,"column":6},"end":{"line":13,"column":12}},"6":{"start":{"line":15,"column":6},"end":{"line":17,"column":8}},"7":{"start":{"line":18,"column":6},"end":{"line":18,"column":12}},"8":{"start":{"line":20,"column":6},"end":{"line":22,"column":8}},"9":{"start":{"line":23,"column":6},"end":{"line":23,"column":12}},"10":{"start":{"line":25,"column":6},"end":{"line":25,"column":27}},"11":{"start":{"line":28,"column":2},"end":{"line":28,"column":25}}},"fnMap":{"0":{"name":"(anonymous_0)","decl":{"start":{"line":1,"column":20},"end":{"line":1,"column":21}},"loc":{"start":{"line":1,"column":40},"end":{"line":29,"column":1}},"line":1}},"branchMap":{"0":{"loc":{"start":{"line":3,"column":2},"end":{"line":26,"column":3}},"type":"switch","locations":[{"start":{"line":4,"column":4},"end":{"line":8,"column":12}},{"start":{"line":9,"column":4},"end":{"line":13,"column":12}},{"start":{"line":14,"column":4},"end":{"line":18,"column":12}},{"start":{"line":19,"column":4},"end":{"line":23,"column":12}},{"start":{"line":24,"column":4},"end":{"line":25,"column":27}}],"line":3}},"s":{"0":2,"1":39,"2":39,"3":39,"4":0,"5":0,"6":0,"7":0,"8":0,"9":0,"10":0,"11":39},"f":{"0":39},"b":{"0":[39,0,0,0,0]},"_coverageSchema":"1a1c01bbd47fc00a2c39e90264f33305004495a9","hash":"9d554a365f77d6381acec37a2f000457c2b0d0ac"}
}
