TN:
SF:src/components/answerBox/AnswerBox.tsx
FN:22,(anonymous_0)
FN:23,(anonymous_1)
FNF:2
FNH:1
FNDA:4,(anonymous_0)
FNDA:0,(anonymous_1)
DA:6,3
DA:22,3
DA:23,4
DA:24,0
DA:25,0
DA:26,0
DA:28,0
DA:30,0
DA:33,4
LF:9
LH:4
BRDA:25,0,0,0
BRDA:25,0,1,0
BRF:2
BRH:0
end_of_record
TN:
SF:src/components/channelBox/ChannelBox.tsx
FN:47,(anonymous_0)
FN:50,(anonymous_1)
FNF:2
FNH:2
FNDA:3,(anonymous_0)
FNDA:1,(anonymous_1)
DA:11,2
DA:47,2
DA:48,3
DA:50,3
DA:51,1
DA:54,3
LF:6
LH:6
BRF:0
BRH:0
end_of_record
TN:
SF:src/components/common/BodyText.tsx
FN:41,(anonymous_0)
FNF:1
FNH:1
FNDA:14,(anonymous_0)
DA:5,6
DA:41,6
DA:47,14
DA:49,0
DA:50,0
DA:52,6
DA:53,6
DA:55,4
DA:56,4
DA:58,4
DA:59,4
DA:62,14
DA:66,14
DA:69,6
LF:14
LH:12
BRDA:47,0,0,0
BRDA:47,0,1,6
BRDA:47,0,2,4
BRDA:47,0,3,4
BRDA:62,1,0,0
BRDA:62,1,1,14
BRF:6
BRH:4
end_of_record
TN:
SF:src/components/common/HeaderText.tsx
FN:30,(anonymous_0)
FNF:1
FNH:1
FNDA:6,(anonymous_0)
DA:5,1
DA:30,1
DA:37,6
DA:39,0
DA:40,0
DA:42,0
DA:43,0
DA:45,0
DA:46,0
DA:48,6
DA:49,6
DA:51,0
DA:52,0
DA:55,6
DA:59,6
DA:66,1
LF:16
LH:8
BRDA:37,0,0,0
BRDA:37,0,1,0
BRDA:37,0,2,0
BRDA:37,0,3,6
BRDA:37,0,4,0
BRDA:55,1,0,0
BRDA:55,1,1,6
BRF:7
BRH:2
end_of_record
TN:
SF:src/components/followBox/FollowBox.tsx
FN:27,(anonymous_0)
FN:37,(anonymous_1)
FNF:2
FNH:1
FNDA:6,(anonymous_0)
FNDA:0,(anonymous_1)
DA:10,3
DA:27,3
DA:28,6
DA:32,6
DA:33,6
DA:37,6
DA:38,0
DA:39,0
DA:41,0
DA:43,0
DA:44,0
DA:47,6
DA:48,5
DA:64,1
LF:14
LH:9
BRDA:38,0,0,0
BRDA:38,0,1,0
BRDA:47,1,0,5
BRDA:47,1,1,1
BRF:4
BRH:2
end_of_record
TN:
SF:src/components/layout/Layout.tsx
FN:18,(anonymous_0)
FNF:1
FNH:1
FNDA:22,(anonymous_0)
DA:5,2
DA:18,2
DA:19,22
LF:3
LH:3
BRF:0
BRH:0
end_of_record
TN:
SF:src/components/questionBox/QuestionBox.tsx
FN:20,(anonymous_0)
FN:21,(anonymous_1)
FN:28,(anonymous_2)
FNF:3
FNH:2
FNDA:1,(anonymous_0)
FNDA:0,(anonymous_1)
FNDA:3,(anonymous_2)
DA:8,2
DA:20,2
DA:21,1
DA:22,0
DA:25,1
DA:29,3
LF:6
LH:5
BRF:0
BRH:0
end_of_record
TN:
SF:src/graphql/mutations.ts
FNF:0
FNH:0
DA:3,3
DA:11,3
LF:2
LH:2
BRF:0
BRH:0
end_of_record
TN:
SF:src/graphql/queries.ts
FNF:0
FNH:0
DA:3,4
DA:25,4
DA:52,4
DA:94,4
LF:4
LH:4
BRF:0
BRH:0
end_of_record
TN:
SF:src/hooks/useChannelQuestions.ts
FN:29,(anonymous_0)
FN:46,(anonymous_1)
FNF:2
FNH:1
FNDA:5,(anonymous_0)
FNDA:0,(anonymous_1)
DA:29,1
DA:30,5
DA:32,5
DA:38,5
DA:46,5
DA:48,0
DA:50,0
DA:51,0
DA:54,0
DA:63,5
LF:10
LH:6
BRDA:30,0,0,5
BRDA:30,0,1,5
BRDA:48,1,0,0
BRDA:48,1,1,0
BRDA:48,1,2,0
BRDA:50,2,0,0
BRDA:50,2,1,0
BRDA:64,3,0,0
BRDA:64,3,1,5
BRF:9
BRH:3
end_of_record
TN:
SF:src/hooks/useChannels.ts
FN:29,(anonymous_0)
FN:47,(anonymous_1)
FNF:2
FNH:1
FNDA:17,(anonymous_0)
FNDA:0,(anonymous_1)
DA:29,1
DA:30,17
DA:32,17
DA:39,17
DA:47,17
DA:48,0
DA:50,0
DA:51,0
DA:54,0
DA:63,17
LF:10
LH:6
BRDA:30,0,0,17
BRDA:30,0,1,17
BRDA:34,1,0,17
BRDA:34,1,1,17
BRDA:36,2,0,17
BRDA:36,2,1,17
BRDA:48,3,0,0
BRDA:48,3,1,0
BRDA:48,3,2,0
BRDA:50,4,0,0
BRDA:50,4,1,0
BRDA:64,5,0,0
BRDA:64,5,1,17
BRF:13
BRH:7
end_of_record
TN:
SF:src/hooks/useUserChannels.ts
FN:29,(anonymous_0)
FN:51,(anonymous_1)
FNF:2
FNH:1
FNDA:17,(anonymous_0)
FNDA:0,(anonymous_1)
DA:29,1
DA:34,17
DA:36,17
DA:43,17
DA:51,17
DA:52,0
DA:54,0
DA:55,0
DA:58,0
DA:67,17
LF:10
LH:6
BRDA:34,0,0,17
BRDA:34,0,1,17
BRDA:38,1,0,17
BRDA:38,1,1,17
BRDA:40,2,0,17
BRDA:40,2,1,17
BRDA:52,3,0,0
BRDA:52,3,1,0
BRDA:52,3,2,0
BRDA:54,4,0,0
BRDA:54,4,1,0
BRDA:68,5,0,0
BRDA:68,5,1,17
BRF:13
BRH:7
end_of_record
TN:
SF:src/pages/channel/Channel.tsx
FN:24,(anonymous_0)
FN:31,(anonymous_1)
FN:56,(anonymous_2)
FN:58,(anonymous_3)
FNF:4
FNH:1
FNDA:5,(anonymous_0)
FNDA:0,(anonymous_1)
FNDA:0,(anonymous_2)
FNDA:0,(anonymous_3)
DA:11,1
DA:24,1
DA:25,5
DA:28,5
DA:30,5
DA:32,0
DA:43,5
DA:44,3
DA:51,2
DA:56,0
DA:58,0
LF:11
LH:8
BRDA:28,0,0,0
BRDA:28,0,1,5
BRDA:43,1,0,3
BRDA:43,1,1,2
BRF:4
BRH:3
end_of_record
TN:
SF:src/pages/channels/Channels.tsx
FN:28,(anonymous_0)
FN:31,(anonymous_1)
FN:35,(anonymous_2)
FN:46,(anonymous_3)
FN:51,(anonymous_4)
FN:53,(anonymous_5)
FN:61,(anonymous_6)
FN:94,(anonymous_7)
FN:95,(anonymous_8)
FN:100,(anonymous_9)
FNF:10
FNH:4
FNDA:0,(anonymous_0)
FNDA:0,(anonymous_1)
FNDA:17,(anonymous_2)
FNDA:4,(anonymous_3)
FNDA:0,(anonymous_4)
FNDA:0,(anonymous_5)
FNDA:14,(anonymous_6)
FNDA:0,(anonymous_7)
FNDA:0,(anonymous_8)
FNDA:6,(anonymous_9)
DA:11,1
DA:28,1
DA:29,0
DA:31,1
DA:32,0
DA:35,1
DA:36,17
DA:37,17
DA:41,17
DA:43,17
DA:44,17
DA:46,17
DA:47,4
DA:48,4
DA:51,4
DA:52,4
DA:53,4
DA:61,17
DA:62,14
DA:63,3
DA:78,17
DA:82,11
DA:89,6
DA:94,0
DA:96,0
DA:101,6
LF:26
LH:22
BRDA:47,0,0,0
BRDA:47,0,1,4
BRDA:48,1,0,0
BRDA:48,1,1,4
BRDA:62,2,0,3
BRDA:62,2,1,11
BRDA:62,3,0,14
BRDA:62,3,1,6
BRDA:78,4,0,11
BRDA:78,4,1,6
BRDA:79,5,0,17
BRDA:79,5,1,9
BRDA:79,5,2,11
BRDA:79,5,3,0
BRF:14
BRH:11
end_of_record
TN:
SF:src/utils/parseNodes.ts
FN:7,(anonymous_0)
FN:8,(anonymous_1)
FNF:2
FNH:0
FNDA:0,(anonymous_0)
FNDA:0,(anonymous_1)
DA:7,2
DA:8,0
LF:2
LH:1
BRF:0
BRH:0
end_of_record
TN:
SF:src/utils/parseSortBy.ts
FN:1,(anonymous_0)
FNF:1
FNH:1
FNDA:39,(anonymous_0)
DA:1,2
DA:3,39
DA:5,39
DA:8,39
DA:10,0
DA:13,0
DA:15,0
DA:18,0
DA:20,0
DA:23,0
DA:25,0
DA:28,39
LF:12
LH:5
BRDA:3,0,0,39
BRDA:3,0,1,0
BRDA:3,0,2,0
BRDA:3,0,3,0
BRDA:3,0,4,0
BRF:5
BRH:1
end_of_record
